Determining if the function _wfopen exists failed with the following output:
Change Dir: /common/piYabause/build/CMakeFiles/CMakeTmp

Run Build Command:"/usr/bin/make" "cmTC_fa829/fast"
/usr/bin/make -f CMakeFiles/cmTC_fa829.dir/build.make CMakeFiles/cmTC_fa829.dir/build
make[1] : on entre dans le répertoire « /common/piYabause/build/CMakeFiles/CMakeTmp »
Building C object CMakeFiles/cmTC_fa829.dir/CheckFunctionExists.c.o
/usr/bin/cc    -DCHECK_FUNCTION_EXISTS=_wfopen   -o CMakeFiles/cmTC_fa829.dir/CheckFunctionExists.c.o   -c /usr/share/cmake-3.5/Modules/CheckFunctionExists.c
Linking C executable cmTC_fa829
/usr/bin/cmake -E cmake_link_script CMakeFiles/cmTC_fa829.dir/link.txt --verbose=1
/usr/bin/cc   -DCHECK_FUNCTION_EXISTS=_wfopen    CMakeFiles/cmTC_fa829.dir/CheckFunctionExists.c.o  -o cmTC_fa829 -rdynamic -lm 
CMakeFiles/cmTC_fa829.dir/CheckFunctionExists.c.o : Dans la fonction « main » :
CheckFunctionExists.c:(.text+0x15) : référence indéfinie vers « _wfopen »
collect2: error: ld returned 1 exit status
CMakeFiles/cmTC_fa829.dir/build.make:97 : la recette pour la cible « cmTC_fa829 » a échouée
make[1]: *** [cmTC_fa829] Erreur 1
make[1] : on quitte le répertoire « /common/piYabause/build/CMakeFiles/CMakeTmp »
Makefile:126 : la recette pour la cible « cmTC_fa829/fast » a échouée
make: *** [cmTC_fa829/fast] Erreur 2


Determining if the function stricmp exists failed with the following output:
Change Dir: /common/piYabause/build/CMakeFiles/CMakeTmp

Run Build Command:"/usr/bin/make" "cmTC_483de/fast"
/usr/bin/make -f CMakeFiles/cmTC_483de.dir/build.make CMakeFiles/cmTC_483de.dir/build
make[1] : on entre dans le répertoire « /common/piYabause/build/CMakeFiles/CMakeTmp »
Building C object CMakeFiles/cmTC_483de.dir/CheckFunctionExists.c.o
/usr/bin/cc    -DCHECK_FUNCTION_EXISTS=stricmp   -o CMakeFiles/cmTC_483de.dir/CheckFunctionExists.c.o   -c /usr/share/cmake-3.5/Modules/CheckFunctionExists.c
Linking C executable cmTC_483de
/usr/bin/cmake -E cmake_link_script CMakeFiles/cmTC_483de.dir/link.txt --verbose=1
/usr/bin/cc   -DCHECK_FUNCTION_EXISTS=stricmp    CMakeFiles/cmTC_483de.dir/CheckFunctionExists.c.o  -o cmTC_483de -rdynamic -lm 
CMakeFiles/cmTC_483de.dir/CheckFunctionExists.c.o : Dans la fonction « main » :
CheckFunctionExists.c:(.text+0x15) : référence indéfinie vers « stricmp »
collect2: error: ld returned 1 exit status
CMakeFiles/cmTC_483de.dir/build.make:97 : la recette pour la cible « cmTC_483de » a échouée
make[1]: *** [cmTC_483de] Erreur 1
make[1] : on quitte le répertoire « /common/piYabause/build/CMakeFiles/CMakeTmp »
Makefile:126 : la recette pour la cible « cmTC_483de/fast » a échouée
make: *** [cmTC_483de/fast] Erreur 2


Determining if the pthread_create exist failed with the following output:
Change Dir: /common/piYabause/build/CMakeFiles/CMakeTmp

Run Build Command:"/usr/bin/make" "cmTC_7d22a/fast"
/usr/bin/make -f CMakeFiles/cmTC_7d22a.dir/build.make CMakeFiles/cmTC_7d22a.dir/build
make[1] : on entre dans le répertoire « /common/piYabause/build/CMakeFiles/CMakeTmp »
Building C object CMakeFiles/cmTC_7d22a.dir/CheckSymbolExists.c.o
/usr/bin/cc     -o CMakeFiles/cmTC_7d22a.dir/CheckSymbolExists.c.o   -c /common/piYabause/build/CMakeFiles/CMakeTmp/CheckSymbolExists.c
Linking C executable cmTC_7d22a
/usr/bin/cmake -E cmake_link_script CMakeFiles/cmTC_7d22a.dir/link.txt --verbose=1
/usr/bin/cc       CMakeFiles/cmTC_7d22a.dir/CheckSymbolExists.c.o  -o cmTC_7d22a -rdynamic -lm 
CMakeFiles/cmTC_7d22a.dir/CheckSymbolExists.c.o : Dans la fonction « main » :
CheckSymbolExists.c:(.text+0x16) : référence indéfinie vers « pthread_create »
collect2: error: ld returned 1 exit status
CMakeFiles/cmTC_7d22a.dir/build.make:97 : la recette pour la cible « cmTC_7d22a » a échouée
make[1]: *** [cmTC_7d22a] Erreur 1
make[1] : on quitte le répertoire « /common/piYabause/build/CMakeFiles/CMakeTmp »
Makefile:126 : la recette pour la cible « cmTC_7d22a/fast » a échouée
make: *** [cmTC_7d22a/fast] Erreur 2

File /common/piYabause/build/CMakeFiles/CMakeTmp/CheckSymbolExists.c:
/* */
#include <pthread.h>

int main(int argc, char** argv)
{
  (void)argv;
#ifndef pthread_create
  return ((int*)(&pthread_create))[argc];
#else
  (void)argc;
  return 0;
#endif
}

Determining if the function pthread_create exists in the pthreads failed with the following output:
Change Dir: /common/piYabause/build/CMakeFiles/CMakeTmp

Run Build Command:"/usr/bin/make" "cmTC_4ded9/fast"
/usr/bin/make -f CMakeFiles/cmTC_4ded9.dir/build.make CMakeFiles/cmTC_4ded9.dir/build
make[1] : on entre dans le répertoire « /common/piYabause/build/CMakeFiles/CMakeTmp »
Building C object CMakeFiles/cmTC_4ded9.dir/CheckFunctionExists.c.o
/usr/bin/cc    -DCHECK_FUNCTION_EXISTS=pthread_create   -o CMakeFiles/cmTC_4ded9.dir/CheckFunctionExists.c.o   -c /usr/share/cmake-3.5/Modules/CheckFunctionExists.c
Linking C executable cmTC_4ded9
/usr/bin/cmake -E cmake_link_script CMakeFiles/cmTC_4ded9.dir/link.txt --verbose=1
/usr/bin/cc   -DCHECK_FUNCTION_EXISTS=pthread_create    CMakeFiles/cmTC_4ded9.dir/CheckFunctionExists.c.o  -o cmTC_4ded9 -rdynamic -lpthreads -lm 
/usr/bin/ld : ne peut trouver -lpthreads
collect2: error: ld returned 1 exit status
CMakeFiles/cmTC_4ded9.dir/build.make:97 : la recette pour la cible « cmTC_4ded9 » a échouée
make[1]: *** [cmTC_4ded9] Erreur 1
make[1] : on quitte le répertoire « /common/piYabause/build/CMakeFiles/CMakeTmp »
Makefile:126 : la recette pour la cible « cmTC_4ded9/fast » a échouée
make: *** [cmTC_4ded9/fast] Erreur 2


Performing C SOURCE FILE Test LINUX_CDROM_H_OK failed with the following output:
Change Dir: /common/piYabause/build/CMakeFiles/CMakeTmp

Run Build Command:"/usr/bin/make" "cmTC_37b84/fast"
/usr/bin/make -f CMakeFiles/cmTC_37b84.dir/build.make CMakeFiles/cmTC_37b84.dir/build
make[1] : on entre dans le répertoire « /common/piYabause/build/CMakeFiles/CMakeTmp »
Building C object CMakeFiles/cmTC_37b84.dir/src.c.o
/usr/bin/cc    -DLINUX_CDROM_H_OK   -o CMakeFiles/cmTC_37b84.dir/src.c.o   -c /common/piYabause/build/CMakeFiles/CMakeTmp/src.c
In file included from /common/piYabause/build/CMakeFiles/CMakeTmp/src.c:2:0:
/common/piYabause/build/CMakeFiles/CMakeTmp/src.c: In function ‘main’:
/common/piYabause/build/CMakeFiles/CMakeTmp/src.c:3:47: error: ‘INT_MAX’ undeclared (first use in this function)
    int main(int argc, char ** argv) { int i = CDSL_CURRENT; }
                                               ^
/common/piYabause/build/CMakeFiles/CMakeTmp/src.c:3:47: note: each undeclared identifier is reported only once for each function it appears in
CMakeFiles/cmTC_37b84.dir/build.make:65 : la recette pour la cible « CMakeFiles/cmTC_37b84.dir/src.c.o » a échouée
make[1]: *** [CMakeFiles/cmTC_37b84.dir/src.c.o] Erreur 1
make[1] : on quitte le répertoire « /common/piYabause/build/CMakeFiles/CMakeTmp »
Makefile:126 : la recette pour la cible « cmTC_37b84/fast » a échouée
make: *** [cmTC_37b84/fast] Erreur 2

Source file was:

			#include <linux/cdrom.h>
			int main(int argc, char ** argv) { int i = CDSL_CURRENT; }
		
